<?xml version="1.0" encoding="UTF-8"?>
<!-- Generated by org.testng.reporters.JUnitXMLReporter -->
<testsuite hostname="RVSKCH90LT" name="Appium Test" tests="6" failures="3" timestamp="13 Jan 2020 12:04:34 GMT" time="55.913" errors="0">
  <testcase name="testCase001" time="0.029" classname="com.rvsappiumautomation.testcases.FirstPage"/>
  <testcase name="testCase002" time="25.721" classname="com.rvsappiumautomation.testcases.FirstPage">
    <failure type="com.rvsappiumautomation.exception.ExceptionHandler" message="This test is failed because of the Exception in com.rvsappiumautomation.testcases.FirstPage.testCase002()
The reason of this exception is: Expected condition failed: waiting for visibility of element located by By.xpath: //android.widget.Button[@resource-id=&amp;apos;com.android.packageinstaller:id/permission_allow_button&amp;apos;] (tried for 25 second(s) with 500 milliseconds interval)">
      <![CDATA[com.rvsappiumautomation.exception.ExceptionHandler: This test is failed because of the Exception in com.rvsappiumautomation.testcases.FirstPage.testCase002()
The reason of this exception is: Expected condition failed: waiting for visibility of element located by By.xpath: //android.widget.Button[@resource-id='com.android.packageinstaller:id/permission_allow_button'] (tried for 25 second(s) with 500 milliseconds interval)
	at com.rvsappiumautomation.testcases.FirstPage.testCase002(FirstPage.java:39)
... Removed 24 stack frames]]>
    </failure>
  </testcase> <!-- testCase002 -->
  <testcase name="testCase003" time="25.458" classname="com.rvsappiumautomation.testcases.FirstPage">
    <failure type="com.rvsappiumautomation.exception.ExceptionHandler" message="This test is failed because of the Exception in com.rvsappiumautomation.testcases.FirstPage.testCase003()
The reason of this exception is: Expected condition failed: waiting for visibility of element located by By.xpath: //android.widget.Button[@resource-id=&amp;apos;com.android.packageinstaller:id/permission_allow_button&amp;apos;] (tried for 25 second(s) with 500 milliseconds interval)">
      <![CDATA[com.rvsappiumautomation.exception.ExceptionHandler: This test is failed because of the Exception in com.rvsappiumautomation.testcases.FirstPage.testCase003()
The reason of this exception is: Expected condition failed: waiting for visibility of element located by By.xpath: //android.widget.Button[@resource-id='com.android.packageinstaller:id/permission_allow_button'] (tried for 25 second(s) with 500 milliseconds interval)
	at com.rvsappiumautomation.testcases.FirstPage.testCase003(FirstPage.java:53)
... Removed 24 stack frames]]>
    </failure>
  </testcase> <!-- testCase003 -->
  <testcase name="testCase004" time="0.004" classname="com.rvsappiumautomation.testcases.SecondPage">
    <skipped/>
  </testcase> <!-- testCase004 -->
  <testcase name="testCase005" time="0.002" classname="com.rvsappiumautomation.testcases.SecondPage"/>
  <testcase name="testCase006" time="0.007" classname="com.rvsappiumautomation.testcases.SecondPage">
    <failure type="java.lang.AssertionError" message="expected [true] but found [false]">
      <![CDATA[java.lang.AssertionError: expected [true] but found [false]
	at com.rvsappiumautomation.testcases.SecondPage.testCase006(SecondPage.java:37)
... Removed 28 stack frames]]>
    </failure>
  </testcase> <!-- testCase006 -->
</testsuite> <!-- Appium Test -->
