<!DOCTYPE html PUBLIC "-//W3C//DTD XHTML 1.1//EN" "http://www.w3.org/TR/xhtml11/DTD/xhtml11.dtd">
<html xmlns="http://www.w3.org/1999/xhtml"><head><title>TestNG Report</title><style type="text/css">table {margin-bottom:10px;border-collapse:collapse;empty-cells:show}th,td {border:1px solid #009;padding:.25em .5em}th {vertical-align:bottom}td {vertical-align:top}table a {font-weight:bold}.stripe td {background-color: #E6EBF9}.num {text-align:right}.passedodd td {background-color: #3F3}.passedeven td {background-color: #0A0}.skippedodd td {background-color: #DDD}.skippedeven td {background-color: #CCC}.failedodd td,.attn {background-color: #F33}.failedeven td,.stripe .attn {background-color: #D00}.stacktrace {white-space:pre;font-family:monospace}.totop {font-size:85%;text-align:center;border-bottom:2px solid #000}</style></head><body><table><tr><th>Test</th><th># Passed</th><th># Skipped</th><th># Failed</th><th>Time (ms)</th><th>Included Groups</th><th>Excluded Groups</th></tr><tr><th colspan="7">AutoBots Appium Suite</th></tr><tr><td><a href="#t0">Appium Test</a></td><td class="num">2</td><td class="num attn">1</td><td class="num attn">3</td><td class="num">55,913</td><td></td><td></td></tr></table><table><thead><tr><th>Class</th><th>Method</th><th>Start</th><th>Time (ms)</th></tr></thead><tbody><tr><th colspan="4">AutoBots Appium Suite</th></tr></tbody><tbody id="t0"><tr><th colspan="4">Appium Test &#8212; failed</th></tr><tr class="failedeven"><td rowspan="2">com.rvsappiumautomation.testcases.FirstPage</td><td><a href="#m0">testCase002</a></td><td rowspan="1">1578917018818</td><td rowspan="1">25721</td></tr><tr class="failedeven"><td><a href="#m1">testCase003</a></td><td rowspan="1">1578917046441</td><td rowspan="1">25458</td></tr><tr class="failedodd"><td rowspan="1">com.rvsappiumautomation.testcases.SecondPage</td><td><a href="#m2">testCase006</a></td><td rowspan="1">1578917073282</td><td rowspan="1">7</td></tr><tr><th colspan="4">Appium Test &#8212; skipped</th></tr><tr class="skippedeven"><td rowspan="1">com.rvsappiumautomation.testcases.SecondPage</td><td><a href="#m3">testCase004</a></td><td rowspan="1">1578917073255</td><td rowspan="1">4</td></tr><tr><th colspan="4">Appium Test &#8212; passed</th></tr><tr class="passedeven"><td rowspan="1">com.rvsappiumautomation.testcases.FirstPage</td><td><a href="#m4">testCase001</a></td><td rowspan="1">1578917018752</td><td rowspan="1">29</td></tr><tr class="passedodd"><td rowspan="1">com.rvsappiumautomation.testcases.SecondPage</td><td><a href="#m5">testCase005</a></td><td rowspan="1">1578917073269</td><td rowspan="1">2</td></tr></tbody></table><h2>Appium Test</h2><h3 id="m0">com.rvsappiumautomation.testcases.FirstPage#testCase002</h3><table class="result"><tr><th>Exception</th></tr><tr><td><div class="stacktrace">com.rvsappiumautomation.exception.ExceptionHandler: This test is failed because of the Exception in com.rvsappiumautomation.testcases.FirstPage.testCase002()
The reason of this exception is: Expected condition failed: waiting for visibility of element located by By.xpath: //android.widget.Button[@resource-id=&apos;com.android.packageinstaller:id/permission_allow_button&apos;] (tried for 25 second(s) with 500 milliseconds interval)
	at com.rvsappiumautomation.testcases.FirstPage.testCase002(FirstPage.java:39)
... Removed 24 stack frames</div></td></tr></table><p class="totop"><a href="#summary">back to summary</a></p><h3 id="m1">com.rvsappiumautomation.testcases.FirstPage#testCase003</h3><table class="result"><tr><th>Exception</th></tr><tr><td><div class="stacktrace">com.rvsappiumautomation.exception.ExceptionHandler: This test is failed because of the Exception in com.rvsappiumautomation.testcases.FirstPage.testCase003()
The reason of this exception is: Expected condition failed: waiting for visibility of element located by By.xpath: //android.widget.Button[@resource-id=&apos;com.android.packageinstaller:id/permission_allow_button&apos;] (tried for 25 second(s) with 500 milliseconds interval)
	at com.rvsappiumautomation.testcases.FirstPage.testCase003(FirstPage.java:53)
... Removed 24 stack frames</div></td></tr></table><p class="totop"><a href="#summary">back to summary</a></p><h3 id="m2">com.rvsappiumautomation.testcases.SecondPage#testCase006</h3><table class="result"><tr><th>Exception</th></tr><tr><td><div class="stacktrace">java.lang.AssertionError: expected [true] but found [false]
	at com.rvsappiumautomation.testcases.SecondPage.testCase006(SecondPage.java:37)
... Removed 28 stack frames</div></td></tr></table><p class="totop"><a href="#summary">back to summary</a></p><h3 id="m3">com.rvsappiumautomation.testcases.SecondPage#testCase004</h3><table class="result"><tr><th>Exception</th></tr><tr><td><div class="stacktrace">org.testng.SkipException: Skipping – This is not ready for testing 
	at com.rvsappiumautomation.testcases.SecondPage.testCase004(SecondPage.java:16)
... Removed 24 stack frames</div></td></tr></table><p class="totop"><a href="#summary">back to summary</a></p><h3 id="m4">com.rvsappiumautomation.testcases.FirstPage#testCase001</h3><table class="result"></table><p class="totop"><a href="#summary">back to summary</a></p><h3 id="m5">com.rvsappiumautomation.testcases.SecondPage#testCase005</h3><table class="result"></table><p class="totop"><a href="#summary">back to summary</a></p></body></html>